app/build/intermediates/manifest_merge_blame_file/debug/processDebugMainManifest/manifest-merger-blame-debug-report.txt
1<?xml version="1.0" encoding="utf-8"?>
2<manifest xmlns:android="http://schemas.android.com/apk/res/android"
3    package="com.jerry.ekub"
4    android:versionCode="1"
5    android:versionName="1.0" >
6
7    <uses-sdk
8        android:minSdkVersion="24"
9        android:targetSdkVersion="34" />
10
11    <!-- Add Internet Permission (Required for Firebase) -->
12    <uses-permission android:name="android.permission.INTERNET" />
12-->src\main\AndroidManifest.xml:6:5-67
12-->src\main\AndroidManifest.xml:6:22-64
13    <uses-permission android:name="android.permission.ACCESS_NETWORK_STATE" />
13-->[com.google.firebase:firebase-auth:23.1.0] AndroidManifest.xml:26:5-79
13-->[com.google.firebase:firebase-auth:23.1.0] AndroidManifest.xml:26:22-76
14    <uses-permission android:name="com.google.android.providers.gsf.permission.READ_GSERVICES" />
14-->[com.google.android.recaptcha:recaptcha:18.5.1] AndroidManifest.xml:9:5-98
14-->[com.google.android.recaptcha:recaptcha:18.5.1] AndroidManifest.xml:9:22-95
15
16    <permission
16-->[androidx.core:core:1.9.0] AndroidManifest.xml:22:5-24:47
17        android:name="com.jerry.ekub.DYNAMIC_RECEIVER_NOT_EXPORTED_PERMISSION"
17-->[androidx.core:core:1.9.0] AndroidManifest.xml:23:9-81
18        android:protectionLevel="signature" />
18-->[androidx.core:core:1.9.0] AndroidManifest.xml:24:9-44
19
20    <uses-permission android:name="com.jerry.ekub.DYNAMIC_RECEIVER_NOT_EXPORTED_PERMISSION" />
20-->[androidx.core:core:1.9.0] AndroidManifest.xml:26:5-97
20-->[androidx.core:core:1.9.0] AndroidManifest.xml:26:22-94
21
22    <application
22-->src\main\AndroidManifest.xml:8:5-43:15
23        android:name="com.jerry.ekub.MyApplication"
23-->src\main\AndroidManifest.xml:9:9-38
24        android:allowBackup="true"
24-->src\main\AndroidManifest.xml:10:5-31
25        android:appComponentFactory="androidx.core.app.CoreComponentFactory"
25-->[androidx.core:core:1.9.0] AndroidManifest.xml:28:18-86
26        android:dataExtractionRules="@xml/data_extraction_rules"
26-->src\main\AndroidManifest.xml:11:5-61
27        android:debuggable="true"
28        android:extractNativeLibs="false"
29        android:fullBackupContent="@xml/backup_rules"
29-->src\main\AndroidManifest.xml:12:5-50
30        android:icon="@mipmap/ic_launcher"
30-->src\main\AndroidManifest.xml:13:5-39
31        android:label="@string/app_name"
31-->src\main\AndroidManifest.xml:14:5-37
32        android:roundIcon="@mipmap/ic_launcher_round"
32-->src\main\AndroidManifest.xml:15:5-50
33        android:supportsRtl="true"
33-->src\main\AndroidManifest.xml:16:5-31
34        android:testOnly="true"
35        android:theme="@style/Theme.Ekub" >
35-->src\main\AndroidManifest.xml:17:5-38
36
37        <!-- Login Activity (Launcher) -->
38        <activity
38-->src\main\AndroidManifest.xml:21:5-29:16
39            android:name="com.jerry.ekub.LoginActivity"
39-->src\main\AndroidManifest.xml:22:9-38
40            android:exported="true"
40-->src\main\AndroidManifest.xml:23:9-32
41            android:launchMode="singleTop" > <!-- Optional: Prevents multiple instances -->
41-->src\main\AndroidManifest.xml:24:9-39
42            <intent-filter>
42-->src\main\AndroidManifest.xml:25:9-28:25
43                <action android:name="android.intent.action.MAIN" />
43-->src\main\AndroidManifest.xml:26:13-65
43-->src\main\AndroidManifest.xml:26:21-62
44
45                <category android:name="android.intent.category.LAUNCHER" />
45-->src\main\AndroidManifest.xml:27:13-73
45-->src\main\AndroidManifest.xml:27:23-70
46            </intent-filter>
47        </activity>
48
49        <!-- Registration Activity -->
50        <activity android:name="com.jerry.ekub.RegistrationActivity" />
50-->src\main\AndroidManifest.xml:32:5-54
50-->src\main\AndroidManifest.xml:32:15-51
51
52        <!-- Home Activity -->
53        <activity android:name="com.jerry.ekub.HomeActivity" />
53-->src\main\AndroidManifest.xml:35:5-46
53-->src\main\AndroidManifest.xml:35:15-43
54
55        <!-- Profile Activity -->
56        <activity android:name="com.jerry.ekub.ProfileActivity" />
56-->src\main\AndroidManifest.xml:38:5-49
56-->src\main\AndroidManifest.xml:38:15-46
57
58        <!-- Ekub Detail Activity -->
59        <activity android:name="com.jerry.ekub.EkubDetailActivity" />
59-->src\main\AndroidManifest.xml:41:5-52
59-->src\main\AndroidManifest.xml:41:15-49
60        <activity
60-->[com.google.firebase:firebase-auth:23.1.0] AndroidManifest.xml:29:9-46:20
61            android:name="com.google.firebase.auth.internal.GenericIdpActivity"
61-->[com.google.firebase:firebase-auth:23.1.0] AndroidManifest.xml:30:13-80
62            android:excludeFromRecents="true"
62-->[com.google.firebase:firebase-auth:23.1.0] AndroidManifest.xml:31:13-46
63            android:exported="true"
63-->[com.google.firebase:firebase-auth:23.1.0] AndroidManifest.xml:32:13-36
64            android:launchMode="singleTask"
64-->[com.google.firebase:firebase-auth:23.1.0] AndroidManifest.xml:33:13-44
65            android:theme="@android:style/Theme.Translucent.NoTitleBar" >
65-->[com.google.firebase:firebase-auth:23.1.0] AndroidManifest.xml:34:13-72
66            <intent-filter>
66-->[com.google.firebase:firebase-auth:23.1.0] AndroidManifest.xml:35:13-45:29
67                <action android:name="android.intent.action.VIEW" />
67-->[com.google.firebase:firebase-auth:23.1.0] AndroidManifest.xml:36:17-69
67-->[com.google.firebase:firebase-auth:23.1.0] AndroidManifest.xml:36:25-66
68
69                <category android:name="android.intent.category.DEFAULT" />
69-->[com.google.firebase:firebase-auth:23.1.0] AndroidManifest.xml:38:17-76
69-->[com.google.firebase:firebase-auth:23.1.0] AndroidManifest.xml:38:27-73
70                <category android:name="android.intent.category.BROWSABLE" />
70-->[com.google.firebase:firebase-auth:23.1.0] AndroidManifest.xml:39:17-78
70-->[com.google.firebase:firebase-auth:23.1.0] AndroidManifest.xml:39:27-75
71
72                <data
72-->[com.google.firebase:firebase-auth:23.1.0] AndroidManifest.xml:41:17-44:51
73                    android:host="firebase.auth"
73-->[com.google.firebase:firebase-auth:23.1.0] AndroidManifest.xml:42:21-49
74                    android:path="/"
74-->[com.google.firebase:firebase-auth:23.1.0] AndroidManifest.xml:43:21-37
75                    android:scheme="genericidp" />
75-->[com.google.firebase:firebase-auth:23.1.0] AndroidManifest.xml:44:21-48
76            </intent-filter>
77        </activity>
78        <activity
78-->[com.google.firebase:firebase-auth:23.1.0] AndroidManifest.xml:47:9-64:20
79            android:name="com.google.firebase.auth.internal.RecaptchaActivity"
79-->[com.google.firebase:firebase-auth:23.1.0] AndroidManifest.xml:48:13-79
80            android:excludeFromRecents="true"
80-->[com.google.firebase:firebase-auth:23.1.0] AndroidManifest.xml:49:13-46
81            android:exported="true"
81-->[com.google.firebase:firebase-auth:23.1.0] AndroidManifest.xml:50:13-36
82            android:launchMode="singleTask"
82-->[com.google.firebase:firebase-auth:23.1.0] AndroidManifest.xml:51:13-44
83            android:theme="@android:style/Theme.Translucent.NoTitleBar" >
83-->[com.google.firebase:firebase-auth:23.1.0] AndroidManifest.xml:52:13-72
84            <intent-filter>
84-->[com.google.firebase:firebase-auth:23.1.0] AndroidManifest.xml:53:13-63:29
85                <action android:name="android.intent.action.VIEW" />
85-->[com.google.firebase:firebase-auth:23.1.0] AndroidManifest.xml:36:17-69
85-->[com.google.firebase:firebase-auth:23.1.0] AndroidManifest.xml:36:25-66
86
87                <category android:name="android.intent.category.DEFAULT" />
87-->[com.google.firebase:firebase-auth:23.1.0] AndroidManifest.xml:38:17-76
87-->[com.google.firebase:firebase-auth:23.1.0] AndroidManifest.xml:38:27-73
88                <category android:name="android.intent.category.BROWSABLE" />
88-->[com.google.firebase:firebase-auth:23.1.0] AndroidManifest.xml:39:17-78
88-->[com.google.firebase:firebase-auth:23.1.0] AndroidManifest.xml:39:27-75
89
90                <data
90-->[com.google.firebase:firebase-auth:23.1.0] AndroidManifest.xml:41:17-44:51
91                    android:host="firebase.auth"
91-->[com.google.firebase:firebase-auth:23.1.0] AndroidManifest.xml:42:21-49
92                    android:path="/"
92-->[com.google.firebase:firebase-auth:23.1.0] AndroidManifest.xml:43:21-37
93                    android:scheme="recaptcha" />
93-->[com.google.firebase:firebase-auth:23.1.0] AndroidManifest.xml:44:21-48
94            </intent-filter>
95        </activity>
96
97        <service
97-->[com.google.firebase:firebase-auth:23.1.0] AndroidManifest.xml:66:9-72:19
98            android:name="com.google.firebase.components.ComponentDiscoveryService"
98-->[com.google.firebase:firebase-auth:23.1.0] AndroidManifest.xml:67:13-84
99            android:directBootAware="true"
99-->[com.google.firebase:firebase-common:21.0.0] AndroidManifest.xml:32:13-43
100            android:exported="false" >
100-->[com.google.firebase:firebase-auth:23.1.0] AndroidManifest.xml:68:13-37
101            <meta-data
101-->[com.google.firebase:firebase-auth:23.1.0] AndroidManifest.xml:69:13-71:85
102                android:name="com.google.firebase.components:com.google.firebase.auth.FirebaseAuthRegistrar"
102-->[com.google.firebase:firebase-auth:23.1.0] AndroidManifest.xml:70:17-109
103                android:value="com.google.firebase.components.ComponentRegistrar" />
103-->[com.google.firebase:firebase-auth:23.1.0] AndroidManifest.xml:71:17-82
104            <meta-data
104-->[com.google.firebase:firebase-firestore:25.1.1] AndroidManifest.xml:17:13-19:85
105                android:name="com.google.firebase.components:com.google.firebase.firestore.FirebaseFirestoreKtxRegistrar"
105-->[com.google.firebase:firebase-firestore:25.1.1] AndroidManifest.xml:18:17-122
106                android:value="com.google.firebase.components.ComponentRegistrar" />
106-->[com.google.firebase:firebase-firestore:25.1.1] AndroidManifest.xml:19:17-82
107            <meta-data
107-->[com.google.firebase:firebase-firestore:25.1.1] AndroidManifest.xml:20:13-22:85
108                android:name="com.google.firebase.components:com.google.firebase.firestore.FirestoreRegistrar"
108-->[com.google.firebase:firebase-firestore:25.1.1] AndroidManifest.xml:21:17-111
109                android:value="com.google.firebase.components.ComponentRegistrar" />
109-->[com.google.firebase:firebase-firestore:25.1.1] AndroidManifest.xml:22:17-82
110            <meta-data
110-->[com.google.firebase:firebase-database:21.0.0] AndroidManifest.xml:29:13-31:85
111                android:name="com.google.firebase.components:com.google.firebase.database.FirebaseDatabaseKtxRegistrar"
111-->[com.google.firebase:firebase-database:21.0.0] AndroidManifest.xml:30:17-120
112                android:value="com.google.firebase.components.ComponentRegistrar" />
112-->[com.google.firebase:firebase-database:21.0.0] AndroidManifest.xml:31:17-82
113            <meta-data
113-->[com.google.firebase:firebase-database:21.0.0] AndroidManifest.xml:32:13-34:85
114                android:name="com.google.firebase.components:com.google.firebase.database.DatabaseRegistrar"
114-->[com.google.firebase:firebase-database:21.0.0] AndroidManifest.xml:33:17-109
115                android:value="com.google.firebase.components.ComponentRegistrar" />
115-->[com.google.firebase:firebase-database:21.0.0] AndroidManifest.xml:34:17-82
116            <meta-data
116-->[com.google.firebase:firebase-common-ktx:21.0.0] AndroidManifest.xml:12:13-14:85
117                android:name="com.google.firebase.components:com.google.firebase.ktx.FirebaseCommonLegacyRegistrar"
117-->[com.google.firebase:firebase-common-ktx:21.0.0] AndroidManifest.xml:13:17-116
118                android:value="com.google.firebase.components.ComponentRegistrar" />
118-->[com.google.firebase:firebase-common-ktx:21.0.0] AndroidManifest.xml:14:17-82
119            <meta-data
119-->[com.google.firebase:firebase-common:21.0.0] AndroidManifest.xml:35:13-37:85
120                android:name="com.google.firebase.components:com.google.firebase.FirebaseCommonKtxRegistrar"
120-->[com.google.firebase:firebase-common:21.0.0] AndroidManifest.xml:36:17-109
121                android:value="com.google.firebase.components.ComponentRegistrar" />
121-->[com.google.firebase:firebase-common:21.0.0] AndroidManifest.xml:37:17-82
122        </service>
123        <service
123-->[androidx.credentials:credentials-play-services-auth:1.2.0-rc01] AndroidManifest.xml:24:9-32:19
124            android:name="androidx.credentials.playservices.CredentialProviderMetadataHolder"
124-->[androidx.credentials:credentials-play-services-auth:1.2.0-rc01] AndroidManifest.xml:25:13-94
125            android:enabled="true"
125-->[androidx.credentials:credentials-play-services-auth:1.2.0-rc01] AndroidManifest.xml:26:13-35
126            android:exported="false" >
126-->[androidx.credentials:credentials-play-services-auth:1.2.0-rc01] AndroidManifest.xml:27:13-37
127            <meta-data
127-->[androidx.credentials:credentials-play-services-auth:1.2.0-rc01] AndroidManifest.xml:29:13-31:104
128                android:name="androidx.credentials.CREDENTIAL_PROVIDER_KEY"
128-->[androidx.credentials:credentials-play-services-auth:1.2.0-rc01] AndroidManifest.xml:30:17-76
129                android:value="androidx.credentials.playservices.CredentialProviderPlayServicesImpl" />
129-->[androidx.credentials:credentials-play-services-auth:1.2.0-rc01] AndroidManifest.xml:31:17-101
130        </service>
131
132        <activity
132-->[androidx.credentials:credentials-play-services-auth:1.2.0-rc01] AndroidManifest.xml:34:9-41:20
133            android:name="androidx.credentials.playservices.HiddenActivity"
133-->[androidx.credentials:credentials-play-services-auth:1.2.0-rc01] AndroidManifest.xml:35:13-76
134            android:configChanges="orientation|screenSize|screenLayout|keyboardHidden"
134-->[androidx.credentials:credentials-play-services-auth:1.2.0-rc01] AndroidManifest.xml:36:13-87
135            android:enabled="true"
135-->[androidx.credentials:credentials-play-services-auth:1.2.0-rc01] AndroidManifest.xml:37:13-35
136            android:exported="false"
136-->[androidx.credentials:credentials-play-services-auth:1.2.0-rc01] AndroidManifest.xml:38:13-37
137            android:fitsSystemWindows="true"
137-->[androidx.credentials:credentials-play-services-auth:1.2.0-rc01] AndroidManifest.xml:39:13-45
138            android:theme="@style/Theme.Hidden" >
138-->[androidx.credentials:credentials-play-services-auth:1.2.0-rc01] AndroidManifest.xml:40:13-48
139        </activity>
140        <activity
140-->[com.google.android.gms:play-services-auth:20.7.0] AndroidManifest.xml:23:9-27:75
141            android:name="com.google.android.gms.auth.api.signin.internal.SignInHubActivity"
141-->[com.google.android.gms:play-services-auth:20.7.0] AndroidManifest.xml:24:13-93
142            android:excludeFromRecents="true"
142-->[com.google.android.gms:play-services-auth:20.7.0] AndroidManifest.xml:25:13-46
143            android:exported="false"
143-->[com.google.android.gms:play-services-auth:20.7.0] AndroidManifest.xml:26:13-37
144            android:theme="@android:style/Theme.Translucent.NoTitleBar" />
144-->[com.google.android.gms:play-services-auth:20.7.0] AndroidManifest.xml:27:13-72
145        <!--
146            Service handling Google Sign-In user revocation. For apps that do not integrate with
147            Google Sign-In, this service will never be started.
148        -->
149        <service
149-->[com.google.android.gms:play-services-auth:20.7.0] AndroidManifest.xml:33:9-37:51
150            android:name="com.google.android.gms.auth.api.signin.RevocationBoundService"
150-->[com.google.android.gms:play-services-auth:20.7.0] AndroidManifest.xml:34:13-89
151            android:exported="true"
151-->[com.google.android.gms:play-services-auth:20.7.0] AndroidManifest.xml:35:13-36
152            android:permission="com.google.android.gms.auth.api.signin.permission.REVOCATION_NOTIFICATION"
152-->[com.google.android.gms:play-services-auth:20.7.0] AndroidManifest.xml:36:13-107
153            android:visibleToInstantApps="true" />
153-->[com.google.android.gms:play-services-auth:20.7.0] AndroidManifest.xml:37:13-48
154
155        <provider
155-->[com.google.firebase:firebase-common:21.0.0] AndroidManifest.xml:23:9-28:39
156            android:name="com.google.firebase.provider.FirebaseInitProvider"
156-->[com.google.firebase:firebase-common:21.0.0] AndroidManifest.xml:24:13-77
157            android:authorities="com.jerry.ekub.firebaseinitprovider"
157-->[com.google.firebase:firebase-common:21.0.0] AndroidManifest.xml:25:13-72
158            android:directBootAware="true"
158-->[com.google.firebase:firebase-common:21.0.0] AndroidManifest.xml:26:13-43
159            android:exported="false"
159-->[com.google.firebase:firebase-common:21.0.0] AndroidManifest.xml:27:13-37
160            android:initOrder="100" />
160-->[com.google.firebase:firebase-common:21.0.0] AndroidManifest.xml:28:13-36
161
162        <activity
162-->[com.google.android.gms:play-services-base:18.1.0] AndroidManifest.xml:20:9-22:45
163            android:name="com.google.android.gms.common.api.GoogleApiActivity"
163-->[com.google.android.gms:play-services-base:18.1.0] AndroidManifest.xml:20:19-85
164            android:exported="false"
164-->[com.google.android.gms:play-services-base:18.1.0] AndroidManifest.xml:22:19-43
165            android:theme="@android:style/Theme.Translucent.NoTitleBar" />
165-->[com.google.android.gms:play-services-base:18.1.0] AndroidManifest.xml:21:19-78
166
167        <provider
167-->[androidx.emoji2:emoji2:1.2.0] AndroidManifest.xml:24:9-32:20
168            android:name="androidx.startup.InitializationProvider"
168-->[androidx.emoji2:emoji2:1.2.0] AndroidManifest.xml:25:13-67
169            android:authorities="com.jerry.ekub.androidx-startup"
169-->[androidx.emoji2:emoji2:1.2.0] AndroidManifest.xml:26:13-68
170            android:exported="false" >
170-->[androidx.emoji2:emoji2:1.2.0] AndroidManifest.xml:27:13-37
171            <meta-data
171-->[androidx.emoji2:emoji2:1.2.0] AndroidManifest.xml:29:13-31:52
172                android:name="androidx.emoji2.text.EmojiCompatInitializer"
172-->[androidx.emoji2:emoji2:1.2.0] AndroidManifest.xml:30:17-75
173                android:value="androidx.startup" />
173-->[androidx.emoji2:emoji2:1.2.0] AndroidManifest.xml:31:17-49
174            <meta-data
174-->[androidx.lifecycle:lifecycle-process:2.6.1] AndroidManifest.xml:29:13-31:52
175                android:name="androidx.lifecycle.ProcessLifecycleInitializer"
175-->[androidx.lifecycle:lifecycle-process:2.6.1] AndroidManifest.xml:30:17-78
176                android:value="androidx.startup" />
176-->[androidx.lifecycle:lifecycle-process:2.6.1] AndroidManifest.xml:31:17-49
177            <meta-data
177-->[androidx.profileinstaller:profileinstaller:1.3.0] AndroidManifest.xml:29:13-31:52
178                android:name="androidx.profileinstaller.ProfileInstallerInitializer"
178-->[androidx.profileinstaller:profileinstaller:1.3.0] AndroidManifest.xml:30:17-85
179                android:value="androidx.startup" />
179-->[androidx.profileinstaller:profileinstaller:1.3.0] AndroidManifest.xml:31:17-49
180        </provider>
181
182        <meta-data
182-->[com.google.android.gms:play-services-basement:18.4.0] AndroidManifest.xml:6:9-122
183            android:name="com.google.android.gms.version"
183-->[com.google.android.gms:play-services-basement:18.4.0] AndroidManifest.xml:6:20-65
184            android:value="@integer/google_play_services_version" />
184-->[com.google.android.gms:play-services-basement:18.4.0] AndroidManifest.xml:6:66-119
185
186        <service
186-->[androidx.room:room-runtime:2.6.1] AndroidManifest.xml:24:9-28:63
187            android:name="androidx.room.MultiInstanceInvalidationService"
187-->[androidx.room:room-runtime:2.6.1] AndroidManifest.xml:25:13-74
188            android:directBootAware="true"
188-->[androidx.room:room-runtime:2.6.1] AndroidManifest.xml:26:13-43
189            android:exported="false" />
189-->[androidx.room:room-runtime:2.6.1] AndroidManifest.xml:27:13-37
190
191        <receiver
191-->[androidx.profileinstaller:profileinstaller:1.3.0] AndroidManifest.xml:34:9-52:20
192            android:name="androidx.profileinstaller.ProfileInstallReceiver"
192-->[androidx.profileinstaller:profileinstaller:1.3.0] AndroidManifest.xml:35:13-76
193            android:directBootAware="false"
193-->[androidx.profileinstaller:profileinstaller:1.3.0] AndroidManifest.xml:36:13-44
194            android:enabled="true"
194-->[androidx.profileinstaller:profileinstaller:1.3.0] AndroidManifest.xml:37:13-35
195            android:exported="true"
195-->[androidx.profileinstaller:profileinstaller:1.3.0] AndroidManifest.xml:38:13-36
196            android:permission="android.permission.DUMP" >
196-->[androidx.profileinstaller:profileinstaller:1.3.0] AndroidManifest.xml:39:13-57
197            <intent-filter>
197-->[androidx.profileinstaller:profileinstaller:1.3.0] AndroidManifest.xml:40:13-42:29
198                <action android:name="androidx.profileinstaller.action.INSTALL_PROFILE" />
198-->[androidx.profileinstaller:profileinstaller:1.3.0] AndroidManifest.xml:41:17-91
198-->[androidx.profileinstaller:profileinstaller:1.3.0] AndroidManifest.xml:41:25-88
199            </intent-filter>
200            <intent-filter>
200-->[androidx.profileinstaller:profileinstaller:1.3.0] AndroidManifest.xml:43:13-45:29
201                <action android:name="androidx.profileinstaller.action.SKIP_FILE" />
201-->[androidx.profileinstaller:profileinstaller:1.3.0] AndroidManifest.xml:44:17-85
201-->[androidx.profileinstaller:profileinstaller:1.3.0] AndroidManifest.xml:44:25-82
202            </intent-filter>
203            <intent-filter>
203-->[androidx.profileinstaller:profileinstaller:1.3.0] AndroidManifest.xml:46:13-48:29
204                <action android:name="androidx.profileinstaller.action.SAVE_PROFILE" />
204-->[androidx.profileinstaller:profileinstaller:1.3.0] AndroidManifest.xml:47:17-88
204-->[androidx.profileinstaller:profileinstaller:1.3.0] AndroidManifest.xml:47:25-85
205            </intent-filter>
206            <intent-filter>
206-->[androidx.profileinstaller:profileinstaller:1.3.0] AndroidManifest.xml:49:13-51:29
207                <action android:name="androidx.profileinstaller.action.BENCHMARK_OPERATION" />
207-->[androidx.profileinstaller:profileinstaller:1.3.0] AndroidManifest.xml:50:17-95
207-->[androidx.profileinstaller:profileinstaller:1.3.0] AndroidManifest.xml:50:25-92
208            </intent-filter>
209        </receiver> <!-- The activities will be merged into the manifest of the hosting app. -->
210        <activity
210-->[com.google.android.play:core-common:2.0.3] AndroidManifest.xml:14:9-18:65
211            android:name="com.google.android.play.core.common.PlayCoreDialogWrapperActivity"
211-->[com.google.android.play:core-common:2.0.3] AndroidManifest.xml:15:13-93
212            android:exported="false"
212-->[com.google.android.play:core-common:2.0.3] AndroidManifest.xml:16:13-37
213            android:stateNotNeeded="true"
213-->[com.google.android.play:core-common:2.0.3] AndroidManifest.xml:17:13-42
214            android:theme="@style/Theme.PlayCore.Transparent" />
214-->[com.google.android.play:core-common:2.0.3] AndroidManifest.xml:18:13-62
215    </application>
216
217</manifest>